<?xml version="1.0" encoding="UTF-8"?>
<!-- Generated by org.testng.reporters.JUnitReportReporter -->
<testsuite hostname="DESKTOP-692TVCS" failures="0" tests="1" name="test.LOGge" time="15.206" errors="0" timestamp="2023-08-26T05:17:06 IST" skipped="0">
  <testcase classname="test.LOGge" name="user_provides_no_login_information" time="15.206"/>
</testsuite> <!-- test.LOGge -->
